<?xml version="1.0" encoding="UTF-8"?>
<!-- Generated by org.testng.reporters.JUnitReportReporter -->
<testsuite hostname="MININT-EPQK469" name="com.fanniemae.testcases.DummyTC" tests="1" failures="0" timestamp="20 Jul 2017 18:32:01 GMT" time="0.565" errors="0">
  <testcase name="tc_LoginTestCase" time="0.565" classname="com.fanniemae.testcases.DummyTC"/>
</testsuite> <!-- com.fanniemae.testcases.DummyTC -->
